<?xml version="1.0" encoding="UTF-8"?>
<coverage generated="1593088690951" clover="3.2.0">
  <project timestamp="1593088690952" name="All files">
    <metrics statements="144" coveredstatements="126" conditionals="42" coveredconditionals="35" methods="21" coveredmethods="17" elements="207" coveredelements="178" complexity="0" loc="144" ncloc="144" packages="5" files="6" classes="6"/>
    <package name="lib">
      <metrics statements="2" coveredstatements="2" conditionals="0" coveredconditionals="0" methods="0" coveredmethods="0"/>
      <file name="index.ts" path="/home/bast/Bureau/topublish/MOYSES/lib/index.ts">
        <metrics statements="2" coveredstatements="2" conditionals="0" coveredconditionals="0" methods="0" coveredmethods="0"/>
        <line num="3" count="2" type="stmt"/>
        <line num="4" count="2" type="stmt"/>
      </file>
    </package>
    <package name="lib.core.engine">
      <metrics statements="74" coveredstatements="67" conditionals="35" coveredconditionals="29" methods="8" coveredmethods="6"/>
      <file name="svm.ts" path="/home/bast/Bureau/topublish/MOYSES/lib/core/engine/svm.ts">
        <metrics statements="74" coveredstatements="67" conditionals="35" coveredconditionals="29" methods="8" coveredmethods="6"/>
        <line num="1" count="3" type="stmt"/>
        <line num="3" count="3" type="stmt"/>
        <line num="16" count="3" type="stmt"/>
        <line num="51" count="1" type="stmt"/>
        <line num="70" count="1" type="stmt"/>
        <line num="71" count="1" type="stmt"/>
        <line num="72" count="1" type="stmt"/>
        <line num="73" count="1" type="stmt"/>
        <line num="74" count="1" type="stmt"/>
        <line num="75" count="1" type="stmt"/>
        <line num="76" count="1" type="stmt"/>
        <line num="77" count="1" type="stmt"/>
        <line num="78" count="1" type="stmt"/>
        <line num="80" count="1" type="stmt"/>
        <line num="81" count="1" type="stmt"/>
        <line num="88" count="1" type="stmt"/>
        <line num="89" count="20" type="stmt"/>
        <line num="97" count="1" type="stmt"/>
        <line num="98" count="1" type="stmt"/>
        <line num="99" count="70" type="stmt"/>
        <line num="100" count="70" type="stmt"/>
        <line num="101" count="1400" type="stmt"/>
        <line num="103" count="1400" type="cond" truecount="6" falsecount="0"/>
        <line num="105" count="772" type="stmt"/>
        <line num="106" count="772" type="stmt"/>
        <line num="107" count="828" type="stmt"/>
        <line num="109" count="772" type="stmt"/>
        <line num="110" count="772" type="stmt"/>
        <line num="111" count="772" type="stmt"/>
        <line num="112" count="772" type="stmt"/>
        <line num="113" count="772" type="stmt"/>
        <line num="114" count="772" type="cond" truecount="2" falsecount="0"/>
        <line num="115" count="359" type="stmt"/>
        <line num="116" count="359" type="stmt"/>
        <line num="118" count="413" type="stmt"/>
        <line num="119" count="413" type="stmt"/>
        <line num="121" count="772" type="cond" truecount="2" falsecount="0"/>
        <line num="122" count="41" type="stmt"/>
        <line num="124" count="731" type="stmt"/>
        <line num="127" count="731" type="cond" truecount="1" falsecount="1"/>
        <line num="128" count="0" type="stmt"/>
        <line num="130" count="731" type="stmt"/>
        <line num="131" count="731" type="cond" truecount="2" falsecount="0"/>
        <line num="132" count="31" type="stmt"/>
        <line num="133" count="700" type="cond" truecount="2" falsecount="0"/>
        <line num="134" count="341" type="stmt"/>
        <line num="136" count="731" type="cond" truecount="2" falsecount="0"/>
        <line num="137" count="363" type="stmt"/>
        <line num="139" count="368" type="stmt"/>
        <line num="140" count="368" type="stmt"/>
        <line num="141" count="368" type="stmt"/>
        <line num="143" count="368" type="stmt"/>
        <line num="147" count="368" type="stmt"/>
        <line num="151" count="368" type="cond" truecount="4" falsecount="0"/>
        <line num="152" count="361" type="stmt"/>
        <line num="153" count="7" type="cond" truecount="3" falsecount="1"/>
        <line num="154" count="7" type="stmt"/>
        <line num="156" count="0" type="stmt"/>
        <line num="158" count="368" type="stmt"/>
        <line num="160" count="996" type="cond" truecount="2" falsecount="0"/>
        <line num="161" count="151" type="stmt"/>
        <line num="163" count="845" type="stmt"/>
        <line num="175" count="47145" type="stmt"/>
        <line num="177" count="47145" type="stmt"/>
        <line num="179" count="0" type="stmt"/>
        <line num="181" count="0" type="stmt"/>
        <line num="183" count="0" type="stmt"/>
        <line num="192" count="2174" type="stmt"/>
        <line num="193" count="2174" type="stmt"/>
        <line num="194" count="43480" type="stmt"/>
        <line num="196" count="2174" type="stmt"/>
        <line num="205" count="2" type="cond" truecount="2" falsecount="0"/>
        <line num="212" count="0" type="stmt"/>
        <line num="219" count="0" type="stmt"/>
      </file>
    </package>
    <package name="lib.core.kernels">
      <metrics statements="7" coveredstatements="7" conditionals="2" coveredconditionals="2" methods="1" coveredmethods="1"/>
      <file name="kernels.ts" path="/home/bast/Bureau/topublish/MOYSES/lib/core/kernels/kernels.ts">
        <metrics statements="7" coveredstatements="7" conditionals="2" coveredconditionals="2" methods="1" coveredmethods="1"/>
        <line num="7" count="4" type="stmt"/>
        <line num="8" count="47148" type="cond" truecount="2" falsecount="0"/>
        <line num="9" count="1" type="stmt"/>
        <line num="11" count="47147" type="stmt"/>
        <line num="12" count="47147" type="stmt"/>
        <line num="13" count="94295" type="stmt"/>
        <line num="15" count="47147" type="stmt"/>
      </file>
    </package>
    <package name="lib.utils">
      <metrics statements="4" coveredstatements="4" conditionals="0" coveredconditionals="0" methods="2" coveredmethods="2"/>
      <file name="utils.ts" path="/home/bast/Bureau/topublish/MOYSES/lib/utils/utils.ts">
        <metrics statements="4" coveredstatements="4" conditionals="0" coveredconditionals="0" methods="2" coveredmethods="2"/>
        <line num="6" count="3" type="stmt"/>
        <line num="7" count="30" type="stmt"/>
        <line num="15" count="3" type="stmt"/>
        <line num="16" count="828" type="stmt"/>
      </file>
    </package>
    <package name="lib.utils.dataset_generation">
      <metrics statements="57" coveredstatements="46" conditionals="5" coveredconditionals="4" methods="10" coveredmethods="8"/>
      <file name="dataset_generator.ts" path="/home/bast/Bureau/topublish/MOYSES/lib/utils/dataset_generation/dataset_generator.ts">
        <metrics statements="33" coveredstatements="31" conditionals="5" coveredconditionals="4" methods="6" coveredmethods="6"/>
        <line num="1" count="2" type="stmt"/>
        <line num="8" count="2" type="stmt"/>
        <line num="13" count="3" type="stmt"/>
        <line num="18" count="3" type="stmt"/>
        <line num="23" count="3" type="stmt"/>
        <line num="28" count="3" type="stmt"/>
        <line num="33" count="3" type="stmt"/>
        <line num="36" count="3" type="stmt"/>
        <line num="37" count="3" type="stmt"/>
        <line num="38" count="3" type="stmt"/>
        <line num="45" count="1" type="stmt"/>
        <line num="46" count="1" type="stmt"/>
        <line num="47" count="1" type="stmt"/>
        <line num="48" count="1" type="stmt"/>
        <line num="50" count="1" type="stmt"/>
        <line num="51" count="5" type="stmt"/>
        <line num="52" count="5" type="stmt"/>
        <line num="60" count="1" type="stmt"/>
        <line num="61" count="5" type="stmt"/>
        <line num="62" count="5" type="stmt"/>
        <line num="63" count="5" type="stmt"/>
        <line num="71" count="1" type="stmt"/>
        <line num="80" count="20" type="stmt"/>
        <line num="81" count="20" type="stmt"/>
        <line num="88" count="3" type="stmt"/>
        <line num="91" count="1" type="stmt"/>
        <line num="92" count="1" type="stmt"/>
        <line num="95" count="1" type="stmt"/>
        <line num="96" count="1" type="stmt"/>
        <line num="99" count="1" type="stmt"/>
        <line num="100" count="0" type="stmt"/>
        <line num="103" count="0" type="stmt"/>
        <line num="106" count="2" type="stmt"/>
      </file>
      <file name="generate_points.ts" path="/home/bast/Bureau/topublish/MOYSES/lib/utils/dataset_generation/generate_points.ts">
        <metrics statements="24" coveredstatements="15" conditionals="0" coveredconditionals="0" methods="4" coveredmethods="2"/>
        <line num="1" count="2" type="stmt"/>
        <line num="11" count="2" type="stmt"/>
        <line num="15" count="10" type="stmt"/>
        <line num="16" count="10" type="stmt"/>
        <line num="17" count="10" type="stmt"/>
        <line num="18" count="10" type="stmt"/>
        <line num="20" count="10" type="stmt"/>
        <line num="30" count="2" type="stmt"/>
        <line num="31" count="0" type="stmt"/>
        <line num="32" count="0" type="stmt"/>
        <line num="33" count="0" type="stmt"/>
        <line num="34" count="0" type="stmt"/>
        <line num="35" count="0" type="stmt"/>
        <line num="36" count="0" type="stmt"/>
        <line num="37" count="0" type="stmt"/>
        <line num="39" count="0" type="stmt"/>
        <line num="48" count="2" type="stmt"/>
        <line num="49" count="5" type="stmt"/>
        <line num="50" count="5" type="stmt"/>
        <line num="51" count="5" type="stmt"/>
        <line num="52" count="5" type="stmt"/>
        <line num="54" count="5" type="stmt"/>
        <line num="65" count="2" type="stmt"/>
        <line num="66" count="0" type="stmt"/>
      </file>
    </package>
  </project>
</coverage>
