{"/home/bast/Bureau/topublish/MOYSES/lib/index.ts": {"path":"/home/bast/Bureau/topublish/MOYSES/lib/index.ts","statementMap":{"0":{"start":{"line":1,"column":0},"end":{"line":1,"column":9}},"1":{"start":{"line":1,"column":9},"end":{"line":1,"column":23}},"2":{"start":{"line":2,"column":0},"end":{"line":2,"column":9}},"3":{"start":{"line":2,"column":9},"end":{"line":2,"column":36}}},"fnMap":{},"branchMap":{},"s":{"0":2,"1":2,"2":2,"3":2},"f":{},"b":{}}
,"/home/bast/Bureau/topublish/MOYSES/lib/core/engine/svm.ts": {"path":"/home/bast/Bureau/topublish/MOYSES/lib/core/engine/svm.ts","statementMap":{"0":{"start":{"line":1,"column":0},"end":{"line":1,"column":46}},"1":{"start":{"line":3,"column":0},"end":{"line":3,"column":43}},"2":{"start":{"line":51,"column":12},"end":{"line":51,"column":35}},"3":{"start":{"line":70,"column":8},"end":{"line":70,"column":34}},"4":{"start":{"line":71,"column":8},"end":{"line":71,"column":36}},"5":{"start":{"line":72,"column":8},"end":{"line":72,"column":38}},"6":{"start":{"line":73,"column":8},"end":{"line":73,"column":30}},"7":{"start":{"line":74,"column":8},"end":{"line":74,"column":20}},"8":{"start":{"line":75,"column":8},"end":{"line":75,"column":36}},"9":{"start":{"line":76,"column":8},"end":{"line":76,"column":20}},"10":{"start":{"line":77,"column":8},"end":{"line":77,"column":29}},"11":{"start":{"line":78,"column":8},"end":{"line":78,"column":27}},"12":{"start":{"line":80,"column":8},"end":{"line":80,"column":26}},"13":{"start":{"line":81,"column":8},"end":{"line":81,"column":19}},"14":{"start":{"line":88,"column":8},"end":{"line":90,"column":null}},"15":{"start":{"line":88,"column":21},"end":{"line":88,"column":22}},"16":{"start":{"line":89,"column":12},"end":{"line":89,"column":33}},"17":{"start":{"line":97,"column":21},"end":{"line":97,"column":22}},"18":{"start":{"line":98,"column":8},"end":{"line":166,"column":10}},"19":{"start":{"line":99,"column":34},"end":{"line":99,"column":35}},"20":{"start":{"line":100,"column":12},"end":{"line":165,"column":14}},"21":{"start":{"line":100,"column":25},"end":{"line":100,"column":26}},"22":{"start":{"line":101,"column":31},"end":{"line":101,"column":87}},"23":{"start":{"line":103,"column":16},"end":{"line":159,"column":18}},"24":{"start":{"line":105,"column":28},"end":{"line":105,"column":29}},"25":{"start":{"line":106,"column":20},"end":{"line":108,"column":null}},"26":{"start":{"line":107,"column":24},"end":{"line":107,"column":56}},"27":{"start":{"line":109,"column":35},"end":{"line":109,"column":91}},"28":{"start":{"line":110,"column":31},"end":{"line":110,"column":46}},"29":{"start":{"line":111,"column":31},"end":{"line":111,"column":46}},"30":{"start":{"line":112,"column":28},"end":{"line":112,"column":29}},"31":{"start":{"line":113,"column":28},"end":{"line":113,"column":35}},"32":{"start":{"line":114,"column":20},"end":{"line":120,"column":null}},"33":{"start":{"line":115,"column":24},"end":{"line":115,"column":59}},"34":{"start":{"line":116,"column":24},"end":{"line":116,"column":55}},"35":{"start":{"line":118,"column":24},"end":{"line":118,"column":49}},"36":{"start":{"line":119,"column":24},"end":{"line":119,"column":65}},"37":{"start":{"line":121,"column":20},"end":{"line":123,"column":null}},"38":{"start":{"line":122,"column":24},"end":{"line":122,"column":33}},"39":{"start":{"line":124,"column":32},"end":{"line":126,"column":65}},"40":{"start":{"line":127,"column":20},"end":{"line":129,"column":null}},"41":{"start":{"line":128,"column":24},"end":{"line":128,"column":33}},"42":{"start":{"line":130,"column":32},"end":{"line":130,"column":80}},"43":{"start":{"line":131,"column":20},"end":{"line":135,"column":null}},"44":{"start":{"line":132,"column":24},"end":{"line":132,"column":34}},"45":{"start":{"line":133,"column":27},"end":{"line":135,"column":null}},"46":{"start":{"line":134,"column":24},"end":{"line":134,"column":34}},"47":{"start":{"line":136,"column":20},"end":{"line":138,"column":null}},"48":{"start":{"line":137,"column":24},"end":{"line":137,"column":33}},"49":{"start":{"line":139,"column":20},"end":{"line":139,"column":44}},"50":{"start":{"line":140,"column":34},"end":{"line":140,"column":87}},"51":{"start":{"line":141,"column":20},"end":{"line":141,"column":44}},"52":{"start":{"line":143,"column":31},"end":{"line":145,"column":80}},"53":{"start":{"line":147,"column":31},"end":{"line":149,"column":80}},"54":{"start":{"line":151,"column":20},"end":{"line":157,"column":null}},"55":{"start":{"line":152,"column":24},"end":{"line":152,"column":37}},"56":{"start":{"line":153,"column":27},"end":{"line":157,"column":null}},"57":{"start":{"line":154,"column":24},"end":{"line":154,"column":37}},"58":{"start":{"line":156,"column":24},"end":{"line":156,"column":50}},"59":{"start":{"line":158,"column":20},"end":{"line":158,"column":41}},"60":{"start":{"line":160,"column":16},"end":{"line":164,"column":null}},"61":{"start":{"line":161,"column":20},"end":{"line":161,"column":32}},"62":{"start":{"line":163,"column":20},"end":{"line":163,"column":31}},"63":{"start":{"line":175,"column":8},"end":{"line":184,"column":null}},"64":{"start":{"line":177,"column":16},"end":{"line":177,"column":70}},"65":{"start":{"line":179,"column":16},"end":{"line":179,"column":58}},"66":{"start":{"line":181,"column":16},"end":{"line":181,"column":58}},"67":{"start":{"line":183,"column":16},"end":{"line":183,"column":46}},"68":{"start":{"line":192,"column":16},"end":{"line":192,"column":23}},"69":{"start":{"line":193,"column":8},"end":{"line":195,"column":null}},"70":{"start":{"line":193,"column":21},"end":{"line":193,"column":22}},"71":{"start":{"line":194,"column":12},"end":{"line":194,"column":87}},"72":{"start":{"line":196,"column":8},"end":{"line":196,"column":17}},"73":{"start":{"line":205,"column":8},"end":{"line":205,"column":59}},"74":{"start":{"line":212,"column":8},"end":{"line":212,"column":26}},"75":{"start":{"line":219,"column":8},"end":{"line":219,"column":28}},"76":{"start":{"line":16,"column":0},"end":{"line":16,"column":21}}},"fnMap":{"0":{"name":"(anonymous_1)","decl":{"start":{"line":68,"column":4},"end":{"line":68,"column":16}},"loc":{"start":{"line":68,"column":81},"end":{"line":82,"column":5}}},"1":{"name":"(anonymous_2)","decl":{"start":{"line":87,"column":4},"end":{"line":87,"column":14}},"loc":{"start":{"line":87,"column":14},"end":{"line":91,"column":5}}},"2":{"name":"(anonymous_3)","decl":{"start":{"line":96,"column":4},"end":{"line":96,"column":7}},"loc":{"start":{"line":96,"column":7},"end":{"line":167,"column":5}}},"3":{"name":"(anonymous_4)","decl":{"start":{"line":174,"column":4},"end":{"line":174,"column":10}},"loc":{"start":{"line":174,"column":37},"end":{"line":185,"column":5}}},"4":{"name":"(anonymous_5)","decl":{"start":{"line":191,"column":4},"end":{"line":191,"column":22}},"loc":{"start":{"line":191,"column":37},"end":{"line":197,"column":5}}},"5":{"name":"(anonymous_6)","decl":{"start":{"line":204,"column":4},"end":{"line":204,"column":11}},"loc":{"start":{"line":204,"column":27},"end":{"line":206,"column":5}}},"6":{"name":"(anonymous_7)","decl":{"start":{"line":211,"column":4},"end":{"line":211,"column":8}},"loc":{"start":{"line":211,"column":12},"end":{"line":213,"column":5}}},"7":{"name":"(anonymous_8)","decl":{"start":{"line":218,"column":4},"end":{"line":218,"column":8}},"loc":{"start":{"line":218,"column":14},"end":{"line":220,"column":5}}}},"branchMap":{"0":{"loc":{"start":{"line":68,"column":79},"end":{"line":68,"column":81}},"type":"default-arg","locations":[{"start":{"line":68,"column":79},"end":{"line":68,"column":81}}]},"1":{"loc":{"start":{"line":103,"column":16},"end":{"line":159,"column":18}},"type":"if","locations":[{"start":{"line":103,"column":16},"end":{"line":159,"column":18}},{"start":{"line":103,"column":16},"end":{"line":159,"column":18}}]},"2":{"loc":{"start":{"line":103,"column":21},"end":{"line":103,"column":58}},"type":"binary-expr","locations":[{"start":{"line":103,"column":21},"end":{"line":103,"column":58}},{"start":{"line":103,"column":62},"end":{"line":103,"column":87}},{"start":{"line":104,"column":24},"end":{"line":104,"column":60}},{"start":{"line":104,"column":64},"end":{"line":104,"column":83}}]},"3":{"loc":{"start":{"line":114,"column":20},"end":{"line":120,"column":null}},"type":"if","locations":[{"start":{"line":114,"column":20},"end":{"line":120,"column":null}},{"start":{"line":114,"column":20},"end":{"line":120,"column":null}}]},"4":{"loc":{"start":{"line":121,"column":20},"end":{"line":123,"column":null}},"type":"if","locations":[{"start":{"line":121,"column":20},"end":{"line":123,"column":null}},{"start":{"line":121,"column":20},"end":{"line":123,"column":null}}]},"5":{"loc":{"start":{"line":127,"column":20},"end":{"line":129,"column":null}},"type":"if","locations":[{"start":{"line":127,"column":20},"end":{"line":129,"column":null}},{"start":{"line":127,"column":20},"end":{"line":129,"column":null}}]},"6":{"loc":{"start":{"line":131,"column":20},"end":{"line":135,"column":null}},"type":"if","locations":[{"start":{"line":131,"column":20},"end":{"line":135,"column":null}},{"start":{"line":131,"column":20},"end":{"line":135,"column":null}}]},"7":{"loc":{"start":{"line":133,"column":27},"end":{"line":135,"column":null}},"type":"if","locations":[{"start":{"line":133,"column":27},"end":{"line":135,"column":null}},{"start":{"line":133,"column":27},"end":{"line":135,"column":null}}]},"8":{"loc":{"start":{"line":136,"column":20},"end":{"line":138,"column":null}},"type":"if","locations":[{"start":{"line":136,"column":20},"end":{"line":138,"column":null}},{"start":{"line":136,"column":20},"end":{"line":138,"column":null}}]},"9":{"loc":{"start":{"line":151,"column":20},"end":{"line":157,"column":null}},"type":"if","locations":[{"start":{"line":151,"column":20},"end":{"line":157,"column":null}},{"start":{"line":151,"column":20},"end":{"line":157,"column":null}}]},"10":{"loc":{"start":{"line":151,"column":24},"end":{"line":151,"column":33}},"type":"binary-expr","locations":[{"start":{"line":151,"column":24},"end":{"line":151,"column":33}},{"start":{"line":151,"column":37},"end":{"line":151,"column":52}}]},"11":{"loc":{"start":{"line":153,"column":27},"end":{"line":157,"column":null}},"type":"if","locations":[{"start":{"line":153,"column":27},"end":{"line":157,"column":null}},{"start":{"line":153,"column":27},"end":{"line":157,"column":null}}]},"12":{"loc":{"start":{"line":153,"column":31},"end":{"line":153,"column":40}},"type":"binary-expr","locations":[{"start":{"line":153,"column":31},"end":{"line":153,"column":40}},{"start":{"line":153,"column":44},"end":{"line":153,"column":59}}]},"13":{"loc":{"start":{"line":160,"column":16},"end":{"line":164,"column":null}},"type":"if","locations":[{"start":{"line":160,"column":16},"end":{"line":164,"column":null}},{"start":{"line":160,"column":16},"end":{"line":164,"column":null}}]},"14":{"loc":{"start":{"line":176,"column":12},"end":{"line":177,"column":70}},"type":"switch","locations":[{"start":{"line":176,"column":12},"end":{"line":177,"column":70}},{"start":{"line":178,"column":12},"end":{"line":179,"column":58}},{"start":{"line":180,"column":12},"end":{"line":181,"column":58}},{"start":{"line":182,"column":12},"end":{"line":183,"column":46}}]},"15":{"loc":{"start":{"line":205,"column":52},"end":{"line":205,"column":53}},"type":"cond-expr","locations":[{"start":{"line":205,"column":52},"end":{"line":205,"column":53}},{"start":{"line":205,"column":56},"end":{"line":205,"column":58}}]}},"s":{"0":3,"1":3,"2":1,"3":1,"4":1,"5":1,"6":1,"7":1,"8":1,"9":1,"10":1,"11":1,"12":1,"13":1,"14":1,"15":1,"16":20,"17":1,"18":1,"19":48,"20":48,"21":48,"22":960,"23":960,"24":543,"25":543,"26":574,"27":543,"28":543,"29":543,"30":543,"31":543,"32":543,"33":265,"34":265,"35":278,"36":278,"37":543,"38":14,"39":529,"40":529,"41":0,"42":529,"43":529,"44":8,"45":521,"46":232,"47":529,"48":224,"49":305,"50":305,"51":305,"52":305,"53":305,"54":305,"55":300,"56":5,"57":5,"58":0,"59":305,"60":722,"61":97,"62":625,"63":32907,"64":32907,"65":0,"66":0,"67":0,"68":1505,"69":1505,"70":1505,"71":30100,"72":1505,"73":2,"74":0,"75":0,"76":3},"f":{"0":1,"1":1,"2":1,"3":32907,"4":1505,"5":2,"6":0,"7":0},"b":{"0":[0],"1":[543,417],"2":[960,275,685,568],"3":[265,278],"4":[14,529],"5":[0,529],"6":[8,521],"7":[232,289],"8":[224,305],"9":[300,5],"10":[305,300],"11":[5,0],"12":[5,5],"13":[97,625],"14":[32907,0,0,0],"15":[1,1]}}
,"/home/bast/Bureau/topublish/MOYSES/lib/core/kernels/kernels.ts": {"path":"/home/bast/Bureau/topublish/MOYSES/lib/core/kernels/kernels.ts","statementMap":{"0":{"start":{"line":8,"column":4},"end":{"line":10,"column":null}},"1":{"start":{"line":9,"column":8},"end":{"line":9,"column":53}},"2":{"start":{"line":11,"column":12},"end":{"line":11,"column":13}},"3":{"start":{"line":12,"column":4},"end":{"line":14,"column":null}},"4":{"start":{"line":12,"column":17},"end":{"line":12,"column":18}},"5":{"start":{"line":13,"column":8},"end":{"line":13,"column":47}},"6":{"start":{"line":15,"column":4},"end":{"line":15,"column":46}},"7":{"start":{"line":7,"column":0},"end":{"line":7,"column":16}}},"fnMap":{"0":{"name":"gaussianKernel","decl":{"start":{"line":7,"column":16},"end":{"line":7,"column":30}},"loc":{"start":{"line":7,"column":69},"end":{"line":16,"column":1}}}},"branchMap":{"0":{"loc":{"start":{"line":8,"column":4},"end":{"line":10,"column":null}},"type":"if","locations":[{"start":{"line":8,"column":4},"end":{"line":10,"column":null}},{"start":{"line":8,"column":4},"end":{"line":10,"column":null}}]}},"s":{"0":32910,"1":1,"2":32909,"3":32909,"4":32909,"5":65819,"6":32909,"7":4},"f":{"0":32910},"b":{"0":[1,32909]}}
,"/home/bast/Bureau/topublish/MOYSES/lib/utils/utils.ts": {"path":"/home/bast/Bureau/topublish/MOYSES/lib/utils/utils.ts","statementMap":{"0":{"start":{"line":7,"column":4},"end":{"line":7,"column":68}},"1":{"start":{"line":6,"column":0},"end":{"line":6,"column":16}},"2":{"start":{"line":16,"column":4},"end":{"line":16,"column":86}},"3":{"start":{"line":15,"column":0},"end":{"line":15,"column":16}}},"fnMap":{"0":{"name":"randomFloat","decl":{"start":{"line":6,"column":16},"end":{"line":6,"column":27}},"loc":{"start":{"line":6,"column":50},"end":{"line":8,"column":1}}},"1":{"name":"randomInt","decl":{"start":{"line":15,"column":16},"end":{"line":15,"column":25}},"loc":{"start":{"line":15,"column":48},"end":{"line":17,"column":1}}}},"branchMap":{},"s":{"0":30,"1":3,"2":574,"3":3},"f":{"0":30,"1":574},"b":{}}
,"/home/bast/Bureau/topublish/MOYSES/lib/utils/dataset_generation/dataset_generator.ts": {"path":"/home/bast/Bureau/topublish/MOYSES/lib/utils/dataset_generation/dataset_generator.ts","statementMap":{"0":{"start":{"line":1,"column":0},"end":{"line":1,"column":82}},"1":{"start":{"line":13,"column":12},"end":{"line":13,"column":37}},"2":{"start":{"line":18,"column":12},"end":{"line":18,"column":35}},"3":{"start":{"line":23,"column":12},"end":{"line":23,"column":40}},"4":{"start":{"line":28,"column":12},"end":{"line":28,"column":32}},"5":{"start":{"line":33,"column":12},"end":{"line":33,"column":29}},"6":{"start":{"line":36,"column":8},"end":{"line":36,"column":28}},"7":{"start":{"line":37,"column":8},"end":{"line":37,"column":28}},"8":{"start":{"line":38,"column":8},"end":{"line":38,"column":30}},"9":{"start":{"line":45,"column":23},"end":{"line":45,"column":25}},"10":{"start":{"line":46,"column":23},"end":{"line":46,"column":25}},"11":{"start":{"line":47,"column":28},"end":{"line":47,"column":34}},"12":{"start":{"line":48,"column":28},"end":{"line":48,"column":35}},"13":{"start":{"line":50,"column":8},"end":{"line":53,"column":null}},"14":{"start":{"line":50,"column":21},"end":{"line":50,"column":22}},"15":{"start":{"line":51,"column":12},"end":{"line":51,"column":75}},"16":{"start":{"line":52,"column":12},"end":{"line":52,"column":76}},"17":{"start":{"line":60,"column":8},"end":{"line":64,"column":null}},"18":{"start":{"line":60,"column":21},"end":{"line":60,"column":22}},"19":{"start":{"line":61,"column":26},"end":{"line":61,"column":64}},"20":{"start":{"line":62,"column":12},"end":{"line":62,"column":41}},"21":{"start":{"line":63,"column":12},"end":{"line":63,"column":40}},"22":{"start":{"line":71,"column":8},"end":{"line":71,"column":44}},"23":{"start":{"line":80,"column":8},"end":{"line":80,"column":31}},"24":{"start":{"line":81,"column":8},"end":{"line":81,"column":33}},"25":{"start":{"line":88,"column":8},"end":{"line":104,"column":null}},"26":{"start":{"line":91,"column":16},"end":{"line":91,"column":44}},"27":{"start":{"line":92,"column":16},"end":{"line":92,"column":22}},"28":{"start":{"line":95,"column":16},"end":{"line":95,"column":42}},"29":{"start":{"line":96,"column":16},"end":{"line":96,"column":22}},"30":{"start":{"line":99,"column":16},"end":{"line":99,"column":43}},"31":{"start":{"line":100,"column":16},"end":{"line":100,"column":22}},"32":{"start":{"line":103,"column":16},"end":{"line":103,"column":45}},"33":{"start":{"line":106,"column":8},"end":{"line":106,"column":62}},"34":{"start":{"line":8,"column":0},"end":{"line":8,"column":21}}},"fnMap":{"0":{"name":"(anonymous_0)","decl":{"start":{"line":35,"column":4},"end":{"line":35,"column":16}},"loc":{"start":{"line":35,"column":64},"end":{"line":39,"column":5}}},"1":{"name":"(anonymous_1)","decl":{"start":{"line":44,"column":4},"end":{"line":44,"column":24}},"loc":{"start":{"line":44,"column":24},"end":{"line":54,"column":5}}},"2":{"name":"(anonymous_2)","decl":{"start":{"line":59,"column":4},"end":{"line":59,"column":22}},"loc":{"start":{"line":59,"column":22},"end":{"line":65,"column":5}}},"3":{"name":"(anonymous_3)","decl":{"start":{"line":70,"column":4},"end":{"line":70,"column":23}},"loc":{"start":{"line":70,"column":23},"end":{"line":72,"column":5}}},"4":{"name":"(anonymous_4)","decl":{"start":{"line":79,"column":4},"end":{"line":79,"column":12}},"loc":{"start":{"line":79,"column":39},"end":{"line":82,"column":5}}},"5":{"name":"(anonymous_5)","decl":{"start":{"line":87,"column":4},"end":{"line":87,"column":12}},"loc":{"start":{"line":87,"column":12},"end":{"line":107,"column":5}}}},"branchMap":{"0":{"loc":{"start":{"line":35,"column":63},"end":{"line":35,"column":64}},"type":"default-arg","locations":[{"start":{"line":35,"column":63},"end":{"line":35,"column":64}}]},"1":{"loc":{"start":{"line":90,"column":12},"end":{"line":92,"column":22}},"type":"switch","locations":[{"start":{"line":90,"column":12},"end":{"line":92,"column":22}},{"start":{"line":94,"column":12},"end":{"line":96,"column":22}},{"start":{"line":98,"column":12},"end":{"line":100,"column":22}},{"start":{"line":102,"column":12},"end":{"line":103,"column":45}}]}},"s":{"0":2,"1":3,"2":3,"3":3,"4":3,"5":3,"6":3,"7":3,"8":3,"9":1,"10":1,"11":1,"12":1,"13":1,"14":1,"15":5,"16":5,"17":1,"18":1,"19":5,"20":5,"21":5,"22":1,"23":20,"24":20,"25":3,"26":1,"27":1,"28":1,"29":1,"30":1,"31":0,"32":0,"33":2,"34":2},"f":{"0":3,"1":1,"2":1,"3":1,"4":20,"5":3},"b":{"0":[3],"1":[1,1,1,0]}}
,"/home/bast/Bureau/topublish/MOYSES/lib/utils/dataset_generation/generate_points.ts": {"path":"/home/bast/Bureau/topublish/MOYSES/lib/utils/dataset_generation/generate_points.ts","statementMap":{"0":{"start":{"line":1,"column":0},"end":{"line":1,"column":39}},"1":{"start":{"line":15,"column":18},"end":{"line":15,"column":45}},"2":{"start":{"line":16,"column":22},"end":{"line":16,"column":83}},"3":{"start":{"line":17,"column":14},"end":{"line":17,"column":50}},"4":{"start":{"line":18,"column":14},"end":{"line":18,"column":50}},"5":{"start":{"line":20,"column":4},"end":{"line":20,"column":18}},"6":{"start":{"line":11,"column":0},"end":{"line":11,"column":16}},"7":{"start":{"line":31,"column":14},"end":{"line":31,"column":27}},"8":{"start":{"line":32,"column":14},"end":{"line":32,"column":27}},"9":{"start":{"line":33,"column":18},"end":{"line":33,"column":33}},"10":{"start":{"line":34,"column":16},"end":{"line":34,"column":36}},"11":{"start":{"line":35,"column":14},"end":{"line":35,"column":61}},"12":{"start":{"line":36,"column":14},"end":{"line":36,"column":61}},"13":{"start":{"line":37,"column":14},"end":{"line":37,"column":43}},"14":{"start":{"line":39,"column":4},"end":{"line":39,"column":21}},"15":{"start":{"line":30,"column":0},"end":{"line":30,"column":16}},"16":{"start":{"line":49,"column":23},"end":{"line":49,"column":64}},"17":{"start":{"line":50,"column":23},"end":{"line":50,"column":61}},"18":{"start":{"line":51,"column":23},"end":{"line":51,"column":64}},"19":{"start":{"line":52,"column":23},"end":{"line":52,"column":61}},"20":{"start":{"line":54,"column":4},"end":{"line":54,"column":74}},"21":{"start":{"line":48,"column":0},"end":{"line":48,"column":16}},"22":{"start":{"line":66,"column":4},"end":{"line":66,"column":62}},"23":{"start":{"line":65,"column":0},"end":{"line":65,"column":16}}},"fnMap":{"0":{"name":"randomRingPoint","decl":{"start":{"line":11,"column":16},"end":{"line":11,"column":31}},"loc":{"start":{"line":12,"column":55},"end":{"line":21,"column":1}}},"1":{"name":"randomSpherePoint","decl":{"start":{"line":30,"column":16},"end":{"line":30,"column":33}},"loc":{"start":{"line":30,"column":80},"end":{"line":40,"column":1}}},"2":{"name":"randomLinearlySeparablePoint","decl":{"start":{"line":48,"column":16},"end":{"line":48,"column":44}},"loc":{"start":{"line":48,"column":64},"end":{"line":56,"column":1}}},"3":{"name":"randomXorPoint","decl":{"start":{"line":65,"column":16},"end":{"line":65,"column":30}},"loc":{"start":{"line":65,"column":30},"end":{"line":67,"column":1}}}},"branchMap":{},"s":{"0":2,"1":10,"2":10,"3":10,"4":10,"5":10,"6":2,"7":0,"8":0,"9":0,"10":0,"11":0,"12":0,"13":0,"14":0,"15":2,"16":5,"17":5,"18":5,"19":5,"20":5,"21":2,"22":0,"23":2},"f":{"0":10,"1":0,"2":5,"3":0},"b":{}}
}
