TN:
SF:/home/bast/Bureau/topublish/MOYSES/lib/index.ts
FNF:0
FNH:0
DA:1,2
DA:2,2
LF:2
LH:2
BRF:0
BRH:0
end_of_record
TN:
SF:/home/bast/Bureau/topublish/MOYSES/lib/core/engine/svm.ts
FN:68,(anonymous_1)
FN:87,(anonymous_2)
FN:96,(anonymous_3)
FN:174,(anonymous_4)
FN:191,(anonymous_5)
FN:204,(anonymous_6)
FN:211,(anonymous_7)
FN:218,(anonymous_8)
FNF:8
FNH:6
FNDA:1,(anonymous_1)
FNDA:1,(anonymous_2)
FNDA:1,(anonymous_3)
FNDA:32907,(anonymous_4)
FNDA:1505,(anonymous_5)
FNDA:2,(anonymous_6)
FNDA:0,(anonymous_7)
FNDA:0,(anonymous_8)
DA:1,3
DA:3,3
DA:16,3
DA:51,1
DA:70,1
DA:71,1
DA:72,1
DA:73,1
DA:74,1
DA:75,1
DA:76,1
DA:77,1
DA:78,1
DA:80,1
DA:81,1
DA:88,1
DA:89,20
DA:97,1
DA:98,1
DA:99,48
DA:100,48
DA:101,960
DA:103,960
DA:105,543
DA:106,543
DA:107,574
DA:109,543
DA:110,543
DA:111,543
DA:112,543
DA:113,543
DA:114,543
DA:115,265
DA:116,265
DA:118,278
DA:119,278
DA:121,543
DA:122,14
DA:124,529
DA:127,529
DA:128,0
DA:130,529
DA:131,529
DA:132,8
DA:133,521
DA:134,232
DA:136,529
DA:137,224
DA:139,305
DA:140,305
DA:141,305
DA:143,305
DA:147,305
DA:151,305
DA:152,300
DA:153,5
DA:154,5
DA:156,0
DA:158,305
DA:160,722
DA:161,97
DA:163,625
DA:175,32907
DA:177,32907
DA:179,0
DA:181,0
DA:183,0
DA:192,1505
DA:193,1505
DA:194,30100
DA:196,1505
DA:205,2
DA:212,0
DA:219,0
LF:74
LH:67
BRDA:68,0,0,0
BRDA:103,1,0,543
BRDA:103,1,1,417
BRDA:103,2,0,960
BRDA:103,2,1,275
BRDA:103,2,2,685
BRDA:103,2,3,568
BRDA:114,3,0,265
BRDA:114,3,1,278
BRDA:121,4,0,14
BRDA:121,4,1,529
BRDA:127,5,0,0
BRDA:127,5,1,529
BRDA:131,6,0,8
BRDA:131,6,1,521
BRDA:133,7,0,232
BRDA:133,7,1,289
BRDA:136,8,0,224
BRDA:136,8,1,305
BRDA:151,9,0,300
BRDA:151,9,1,5
BRDA:151,10,0,305
BRDA:151,10,1,300
BRDA:153,11,0,5
BRDA:153,11,1,0
BRDA:153,12,0,5
BRDA:153,12,1,5
BRDA:160,13,0,97
BRDA:160,13,1,625
BRDA:176,14,0,32907
BRDA:176,14,1,0
BRDA:176,14,2,0
BRDA:176,14,3,0
BRDA:205,15,0,1
BRDA:205,15,1,1
BRF:35
BRH:29
end_of_record
TN:
SF:/home/bast/Bureau/topublish/MOYSES/lib/core/kernels/kernels.ts
FN:7,gaussianKernel
FNF:1
FNH:1
FNDA:32910,gaussianKernel
DA:7,4
DA:8,32910
DA:9,1
DA:11,32909
DA:12,32909
DA:13,65819
DA:15,32909
LF:7
LH:7
BRDA:8,0,0,1
BRDA:8,0,1,32909
BRF:2
BRH:2
end_of_record
TN:
SF:/home/bast/Bureau/topublish/MOYSES/lib/utils/utils.ts
FN:6,randomFloat
FN:15,randomInt
FNF:2
FNH:2
FNDA:30,randomFloat
FNDA:574,randomInt
DA:6,3
DA:7,30
DA:15,3
DA:16,574
LF:4
LH:4
BRF:0
BRH:0
end_of_record
TN:
SF:/home/bast/Bureau/topublish/MOYSES/lib/utils/dataset_generation/dataset_generator.ts
FN:35,(anonymous_0)
FN:44,(anonymous_1)
FN:59,(anonymous_2)
FN:70,(anonymous_3)
FN:79,(anonymous_4)
FN:87,(anonymous_5)
FNF:6
FNH:6
FNDA:3,(anonymous_0)
FNDA:1,(anonymous_1)
FNDA:1,(anonymous_2)
FNDA:1,(anonymous_3)
FNDA:20,(anonymous_4)
FNDA:3,(anonymous_5)
DA:1,2
DA:8,2
DA:13,3
DA:18,3
DA:23,3
DA:28,3
DA:33,3
DA:36,3
DA:37,3
DA:38,3
DA:45,1
DA:46,1
DA:47,1
DA:48,1
DA:50,1
DA:51,5
DA:52,5
DA:60,1
DA:61,5
DA:62,5
DA:63,5
DA:71,1
DA:80,20
DA:81,20
DA:88,3
DA:91,1
DA:92,1
DA:95,1
DA:96,1
DA:99,1
DA:100,0
DA:103,0
DA:106,2
LF:33
LH:31
BRDA:35,0,0,3
BRDA:90,1,0,1
BRDA:90,1,1,1
BRDA:90,1,2,1
BRDA:90,1,3,0
BRF:5
BRH:4
end_of_record
TN:
SF:/home/bast/Bureau/topublish/MOYSES/lib/utils/dataset_generation/generate_points.ts
FN:11,randomRingPoint
FN:30,randomSpherePoint
FN:48,randomLinearlySeparablePoint
FN:65,randomXorPoint
FNF:4
FNH:2
FNDA:10,randomRingPoint
FNDA:0,randomSpherePoint
FNDA:5,randomLinearlySeparablePoint
FNDA:0,randomXorPoint
DA:1,2
DA:11,2
DA:15,10
DA:16,10
DA:17,10
DA:18,10
DA:20,10
DA:30,2
DA:31,0
DA:32,0
DA:33,0
DA:34,0
DA:35,0
DA:36,0
DA:37,0
DA:39,0
DA:48,2
DA:49,5
DA:50,5
DA:51,5
DA:52,5
DA:54,5
DA:65,2
DA:66,0
LF:24
LH:15
BRF:0
BRH:0
end_of_record
